07:07 19:51:30.903 [restartedMain] [INFO] [c.l.e.s.ElectronicStoreApplication] -Starting ElectronicStoreApplication using Java 17.0.5 on DESKTOP-34FIR0Q with PID 17276 (C:\Users\DELL LATITUDE\Desktop\IntelliJID_Project\Electronic-Store\target\classes started by DELL LATITUDE in C:\Users\DELL LATITUDE\Desktop\IntelliJID_Project\Electronic-Store)
07:07 19:51:30.910 [restartedMain] [INFO] [c.l.e.s.ElectronicStoreApplication] -No active profile set, falling back to 1 default profile: "default"
07:07 19:51:30.983 [restartedMain] [INFO] [o.s.b.d.e.DevToolsPropertyDefaultsPostProcessor] -Devtools property defaults active! Set 'spring.devtools.add-properties' to 'false' to disable
07:07 19:51:30.983 [restartedMain] [INFO] [o.s.b.d.e.DevToolsPropertyDefaultsPostProcessor] -For additional web related logging consider setting the 'logging.level.web' property to 'DEBUG'
07:07 19:51:31.799 [restartedMain] [INFO] [o.s.d.r.c.RepositoryConfigurationDelegate] -Bootstrapping Spring Data JPA repositories in DEFAULT mode.
07:07 19:51:31.867 [restartedMain] [INFO] [o.s.d.r.c.RepositoryConfigurationDelegate] -Finished Spring Data repository scanning in 57 ms. Found 1 JPA repository interfaces.
07:07 19:51:32.796 [restartedMain] [INFO] [o.s.b.w.e.tomcat.TomcatWebServer] -Tomcat initialized with port(s): 8080 (http)
07:07 19:51:32.806 [restartedMain] [INFO] [o.a.coyote.http11.Http11NioProtocol] -Initializing ProtocolHandler ["http-nio-8080"]
07:07 19:51:32.811 [restartedMain] [INFO] [o.a.catalina.core.StandardService] -Starting service [Tomcat]
07:07 19:51:32.811 [restartedMain] [INFO] [o.a.catalina.core.StandardEngine] -Starting Servlet engine: [Apache Tomcat/9.0.76]
07:07 19:51:32.915 [restartedMain] [INFO] [o.a.c.c.C.[Tomcat].[localhost].[/]] -Initializing Spring embedded WebApplicationContext
07:07 19:51:32.915 [restartedMain] [INFO] [o.s.b.w.s.c.ServletWebServerApplicationContext] -Root WebApplicationContext: initialization completed in 1931 ms
07:07 19:51:33.204 [restartedMain] [INFO] [o.h.jpa.internal.util.LogHelper] -HHH000204: Processing PersistenceUnitInfo [name: default]
07:07 19:51:33.281 [restartedMain] [INFO] [org.hibernate.Version] -HHH000412: Hibernate ORM core version 5.6.15.Final
07:07 19:51:33.501 [restartedMain] [INFO] [o.h.annotations.common.Version] -HCANN000001: Hibernate Commons Annotations {5.1.2.Final}
07:07 19:51:33.627 [restartedMain] [INFO] [com.zaxxer.hikari.HikariDataSource] -HikariPool-1 - Starting...
07:07 19:51:34.077 [restartedMain] [INFO] [com.zaxxer.hikari.HikariDataSource] -HikariPool-1 - Start completed.
07:07 19:51:34.095 [restartedMain] [INFO] [org.hibernate.dialect.Dialect] -HHH000400: Using dialect: org.hibernate.dialect.MySQL8Dialect
07:07 19:51:34.863 [restartedMain] [INFO] [o.h.e.t.j.p.i.JtaPlatformInitiator] -HHH000490: Using JtaPlatform implementation: [org.hibernate.engine.transaction.jta.platform.internal.NoJtaPlatform]
07:07 19:51:34.880 [restartedMain] [INFO] [o.s.o.j.LocalContainerEntityManagerFactoryBean] -Initialized JPA EntityManagerFactory for persistence unit 'default'
07:07 19:51:35.421 [restartedMain] [WARN] [o.s.b.a.o.j.JpaBaseConfiguration$JpaWebConfiguration] -spring.jpa.open-in-view is enabled by default. Therefore, database queries may be performed during view rendering. Explicitly configure spring.jpa.open-in-view to disable this warning
07:07 19:51:35.832 [restartedMain] [INFO] [o.s.b.d.a.OptionalLiveReloadServer] -LiveReload server is running on port 35729
07:07 19:51:35.846 [restartedMain] [INFO] [o.a.coyote.http11.Http11NioProtocol] -Starting ProtocolHandler ["http-nio-8080"]
07:07 19:51:35.870 [restartedMain] [INFO] [o.s.b.w.e.tomcat.TomcatWebServer] -Tomcat started on port(s): 8080 (http) with context path ''
07:07 19:51:35.880 [restartedMain] [INFO] [c.l.e.s.ElectronicStoreApplication] -Started ElectronicStoreApplication in 5.488 seconds (JVM running for 6.576)
